0 info it worked if it ends with ok
1 verbose cli [ 'C:\\Program Files\\nodejs\\node.exe',
1 verbose cli   'C:\\Program Files\\nodejs\\node_modules\\npm\\bin\\npm-cli.js',
1 verbose cli   'run',
1 verbose cli   'serverstart' ]
2 info using npm@3.10.10
3 info using node@v6.16.0
4 verbose run-script [ 'preserverstart', 'serverstart', 'postserverstart' ]
5 info lifecycle iappeal@0.0.0~preserverstart: iappeal@0.0.0
6 silly lifecycle iappeal@0.0.0~preserverstart: no script for preserverstart, continuing
7 info lifecycle iappeal@0.0.0~serverstart: iappeal@0.0.0
8 verbose lifecycle iappeal@0.0.0~serverstart: unsafe-perm in lifecycle true
9 verbose lifecycle iappeal@0.0.0~serverstart: PATH: C:\Users\asjagadi\AppData\Roaming\nvm\v6.16.0\node_modules\npm\bin\node-gyp-bin;C:\Users\jagadiss\iappeal\iappeal\iappeal\node_modules\.bin;C:\Program Files (x86)\Common Files\Oracle\Java\javapath;C:\WINDOWS\system32;C:\WINDOWS;C:\WINDOWS\System32\Wbem;C:\WINDOWS\System32\WindowsPowerShell\v1.0\;C:\WINDOWS\System32\OpenSSH\;C:\Windows\CCM;C:\Program Files (x86)\Hewlett Packard Enterprise\Records Manager\;C:\Program Files\Git\cmd;C:\Python27;C:\Ruby24-x64\bin;C:\maven\apache-maven-3.6.0\bin;C:\Program Files\PuTTY\;C:\Users\asjagadi\AppData\Roaming\npm;C:\Users\asjagadi\AppData\Roaming\nvm;C:\Program Files\nodejs;C:\Users\asjagadi\AppData\Local\Microsoft\WindowsApps;C:\Users\asjagadi\AppData\Local\Programs\Microsoft VS Code\bin;C:\Users\jagadiss\flutter\bin
10 verbose lifecycle iappeal@0.0.0~serverstart: CWD: C:\Users\jagadiss\iappeal\iappeal\iappeal
11 silly lifecycle iappeal@0.0.0~serverstart: Args: [ '/d /s /c', 'DEBUG=iappeal:* npm run devstart' ]
12 silly lifecycle iappeal@0.0.0~serverstart: Returned: code: 1  signal: null
13 info lifecycle iappeal@0.0.0~serverstart: Failed to exec serverstart script
14 verbose stack Error: iappeal@0.0.0 serverstart: `DEBUG=iappeal:* npm run devstart`
14 verbose stack Exit status 1
14 verbose stack     at EventEmitter.<anonymous> (C:\Users\asjagadi\AppData\Roaming\nvm\v6.16.0\node_modules\npm\lib\utils\lifecycle.js:255:16)
14 verbose stack     at emitTwo (events.js:106:13)
14 verbose stack     at EventEmitter.emit (events.js:191:7)
14 verbose stack     at ChildProcess.<anonymous> (C:\Users\asjagadi\AppData\Roaming\nvm\v6.16.0\node_modules\npm\lib\utils\spawn.js:40:14)
14 verbose stack     at emitTwo (events.js:106:13)
14 verbose stack     at ChildProcess.emit (events.js:191:7)
14 verbose stack     at maybeClose (internal/child_process.js:920:16)
14 verbose stack     at Process.ChildProcess._handle.onexit (internal/child_process.js:230:5)
15 verbose pkgid iappeal@0.0.0
16 verbose cwd C:\Users\jagadiss\iappeal\iappeal\iappeal
17 error Windows_NT 10.0.17763
18 error argv "C:\\Program Files\\nodejs\\node.exe" "C:\\Program Files\\nodejs\\node_modules\\npm\\bin\\npm-cli.js" "run" "serverstart"
19 error node v6.16.0
20 error npm  v3.10.10
21 error code ELIFECYCLE
22 error iappeal@0.0.0 serverstart: `DEBUG=iappeal:* npm run devstart`
22 error Exit status 1
23 error Failed at the iappeal@0.0.0 serverstart script 'DEBUG=iappeal:* npm run devstart'.
23 error Make sure you have the latest version of node.js and npm installed.
23 error If you do, this is most likely a problem with the iappeal package,
23 error not with npm itself.
23 error Tell the author that this fails on your system:
23 error     DEBUG=iappeal:* npm run devstart
23 error You can get information on how to open an issue for this project with:
23 error     npm bugs iappeal
23 error Or if that isn't available, you can get their info via:
23 error     npm owner ls iappeal
23 error There is likely additional logging output above.
24 verbose exit [ 1, true ]
